[INFO] Scanning for projects...
[INFO] 
[INFO] --------------------< cs.msu.edu:CSCI_440_Project >---------------------
[INFO] Building CSCI_440_Project 1.0-SNAPSHOT
[INFO] --------------------------------[ jar ]---------------------------------
[INFO] 
[INFO] --- maven-resources-plugin:2.6:resources (default-resources) @ CSCI_440_Project ---
[WARNING] Using platform encoding (UTF-8 actually) to copy filtered resources, i.e. build is platform dependent!
[INFO] Copying 33 resources
[INFO] 
[INFO] --- maven-compiler-plugin:3.1:compile (default-compile) @ CSCI_440_Project ---
[INFO] Nothing to compile - all classes are up to date
[INFO] 
[INFO] --- maven-resources-plugin:2.6:testResources (default-testResources) @ CSCI_440_Project ---
[WARNING] Using platform encoding (UTF-8 actually) to copy filtered resources, i.e. build is platform dependent!
[INFO] skip non existing resourceDirectory /home/carson/Projects/msu/csci-440-fall2021/grading/scripts/repos/walker_ward/src/test/resources
[INFO] 
[INFO] --- maven-compiler-plugin:3.1:testCompile (default-testCompile) @ CSCI_440_Project ---
[INFO] Nothing to compile - all classes are up to date
[INFO] 
[INFO] --- maven-surefire-plugin:2.22.1:test (default-test) @ CSCI_440_Project ---
[INFO] 
[INFO] -------------------------------------------------------
[INFO]  T E S T S
[INFO] -------------------------------------------------------
[INFO] Running edu.montana.csci.csci440.model.InvoicesTest
Resetting DB After Test...
Resetting DB After Test...
Resetting DB After Test...
[ERROR] Tests run: 3, Failures: 1, Errors: 0, Skipped: 0, Time elapsed: 0.183 s <<< FAILURE! - in edu.montana.csci.csci440.model.InvoicesTest
[ERROR] testInvoiceFieldsLoad  Time elapsed: 0.162 s  <<< FAILURE!
org.opentest4j.AssertionFailedError: expected: <Stuttgart> but was: <null>
	at edu.montana.csci.csci440.model.InvoicesTest.testInvoiceFieldsLoad(InvoicesTest.java:22)

[INFO] Running edu.montana.csci.csci440.model.ArtistTest
Resetting DB After Test...
Resetting DB After Test...
Resetting DB After Test...
Resetting DB After Test...
Resetting DB After Test...
Resetting DB After Test...
[ERROR] Tests run: 6, Failures: 1, Errors: 0, Skipped: 0, Time elapsed: 0.081 s <<< FAILURE! - in edu.montana.csci.csci440.model.ArtistTest
[ERROR] testValidationWorks  Time elapsed: 0.004 s  <<< FAILURE!
org.opentest4j.AssertionFailedError: expected: <false> but was: <true>
	at edu.montana.csci.csci440.model.ArtistTest.testValidationWorks(ArtistTest.java:61)

[INFO] Running edu.montana.csci.csci440.model.EmployeeTest
Resetting DB After Test...
Resetting DB After Test...
Resetting DB After Test...
Resetting DB After Test...
Resetting DB After Test...
Resetting DB After Test...
Resetting DB After Test...
[ERROR] Tests run: 7, Failures: 1, Errors: 1, Skipped: 0, Time elapsed: 0.101 s <<< FAILURE! - in edu.montana.csci.csci440.model.EmployeeTest
[ERROR] testValidationWorks  Time elapsed: 0.006 s  <<< FAILURE!
org.opentest4j.AssertionFailedError: expected: <3> but was: <2>
	at edu.montana.csci.csci440.model.EmployeeTest.testValidationWorks(EmployeeTest.java:60)

[ERROR] testEmployeeHelperOnlyIssuesOneQuery  Time elapsed: 0.02 s  <<< ERROR!
java.lang.NullPointerException
	at edu.montana.csci.csci440.model.EmployeeTest.testEmployeeHelperOnlyIssuesOneQuery(EmployeeTest.java:92)

[INFO] Running edu.montana.csci.csci440.model.TrackTest
Resetting DB After Test...
Resetting DB After Test...
Resetting DB After Test...
Resetting DB After Test...
Resetting DB After Test...
Resetting DB After Test...
Resetting DB After Test...
Resetting DB After Test...
Resetting DB After Test...
Resetting DB After Test...
Resetting DB After Test...
[ERROR] Tests run: 11, Failures: 5, Errors: 0, Skipped: 0, Time elapsed: 0.153 s <<< FAILURE! - in edu.montana.csci.csci440.model.TrackTest
[ERROR] testAlbumNameIsStoredOnTrack  Time elapsed: 0.001 s  <<< FAILURE!
org.opentest4j.AssertionFailedError: expected: <43> but was: <44>
	at edu.montana.csci.csci440.model.TrackTest.testAlbumNameIsStoredOnTrack(TrackTest.java:96)

[ERROR] testOrderByWorks  Time elapsed: 0.003 s  <<< FAILURE!
org.opentest4j.AssertionFailedError: expected: <É Uma Partida De Futebol> but was: <For Those About To Rock (We Salute You)>
	at edu.montana.csci.csci440.model.TrackTest.testOrderByWorks(TrackTest.java:102)

[ERROR] testTrackListsWorks  Time elapsed: 0.003 s  <<< FAILURE!
org.opentest4j.AssertionFailedError: expected: <3> but was: <0>
	at edu.montana.csci.csci440.model.TrackTest.testTrackListsWorks(TrackTest.java:108)

[ERROR] testValidationWorks  Time elapsed: 0.002 s  <<< FAILURE!
org.opentest4j.AssertionFailedError: expected: <false> but was: <true>
	at edu.montana.csci.csci440.model.TrackTest.testValidationWorks(TrackTest.java:61)

[ERROR] testArtistNameIsStoredOnTrack  Time elapsed: 0.005 s  <<< FAILURE!
org.opentest4j.AssertionFailedError: expected: <68> but was: <70>
	at edu.montana.csci.csci440.model.TrackTest.testArtistNameIsStoredOnTrack(TrackTest.java:87)

[INFO] Running edu.montana.csci.csci440.model.PlaylistsTest
Resetting DB After Test...
Resetting DB After Test...
Resetting DB After Test...
[ERROR] Tests run: 3, Failures: 1, Errors: 0, Skipped: 0, Time elapsed: 0.006 s <<< FAILURE! - in edu.montana.csci.csci440.model.PlaylistsTest
[ERROR] testPlaylistFieldsLoad  Time elapsed: 0 s  <<< FAILURE!
org.opentest4j.AssertionFailedError: expected: <213> but was: <0>
	at edu.montana.csci.csci440.model.PlaylistsTest.testPlaylistFieldsLoad(PlaylistsTest.java:22)

[INFO] Running edu.montana.csci.csci440.model.AlbumTest
Resetting DB After Test...
Resetting DB After Test...
Resetting DB After Test...
Resetting DB After Test...
Resetting DB After Test...
[ERROR] Tests run: 5, Failures: 1, Errors: 0, Skipped: 0, Time elapsed: 0.043 s <<< FAILURE! - in edu.montana.csci.csci440.model.AlbumTest
[ERROR] testValidationWorks  Time elapsed: 0.002 s  <<< FAILURE!
org.opentest4j.AssertionFailedError: expected: <false> but was: <true>
	at edu.montana.csci.csci440.model.AlbumTest.testValidationWorks(AlbumTest.java:45)

[INFO] Running edu.montana.csci.csci440.model.CustomerTest
Resetting DB After Test...
Resetting DB After Test...
Resetting DB After Test...
[ERROR] Tests run: 3, Failures: 1, Errors: 0, Skipped: 0, Time elapsed: 0.012 s <<< FAILURE! - in edu.montana.csci.csci440.model.CustomerTest
[ERROR] testCustomerFieldsLoad  Time elapsed: 0.003 s  <<< FAILURE!
org.opentest4j.AssertionFailedError: expected: <luisg@embraer.com.br> but was: <null>
	at edu.montana.csci.csci440.model.CustomerTest.testCustomerFieldsLoad(CustomerTest.java:21)

[INFO] 
[INFO] Results:
[INFO] 
[ERROR] Failures: 
[ERROR]   AlbumTest.testValidationWorks:45 expected: <false> but was: <true>
[ERROR]   ArtistTest.testValidationWorks:61 expected: <false> but was: <true>
[ERROR]   CustomerTest.testCustomerFieldsLoad:21 expected: <luisg@embraer.com.br> but was: <null>
[ERROR]   EmployeeTest.testValidationWorks:60 expected: <3> but was: <2>
[ERROR]   InvoicesTest.testInvoiceFieldsLoad:22 expected: <Stuttgart> but was: <null>
[ERROR]   PlaylistsTest.testPlaylistFieldsLoad:22 expected: <213> but was: <0>
[ERROR]   TrackTest.testAlbumNameIsStoredOnTrack:96 expected: <43> but was: <44>
[ERROR]   TrackTest.testArtistNameIsStoredOnTrack:87 expected: <68> but was: <70>
[ERROR]   TrackTest.testOrderByWorks:102 expected: <É Uma Partida De Futebol> but was: <For Those About To Rock (We Salute You)>
[ERROR]   TrackTest.testTrackListsWorks:108 expected: <3> but was: <0>
[ERROR]   TrackTest.testValidationWorks:61 expected: <false> but was: <true>
[ERROR] Errors: 
[ERROR]   EmployeeTest.testEmployeeHelperOnlyIssuesOneQuery:92 » NullPointer
[INFO] 
[ERROR] Tests run: 38, Failures: 11, Errors: 1, Skipped: 0
[INFO] 
[INFO] ------------------------------------------------------------------------
[INFO] BUILD FAILURE
[INFO] ------------------------------------------------------------------------
[INFO] Total time:  2.777 s
[INFO] Finished at: 2021-12-01T15:41:54-07:00
[INFO] ------------------------------------------------------------------------
[ERROR] Failed to execute goal org.apache.maven.plugins:maven-surefire-plugin:2.22.1:test (default-test) on project CSCI_440_Project: There are test failures.
[ERROR] 
[ERROR] Please refer to /home/carson/Projects/msu/csci-440-fall2021/grading/scripts/repos/walker_ward/target/surefire-reports for the individual test results.
[ERROR] Please refer to dump files (if any exist) [date].dump, [date]-jvmRun[N].dump and [date].dumpstream.
[ERROR] -> [Help 1]
[ERROR] 
[ERROR] To see the full stack trace of the errors, re-run Maven with the -e switch.
[ERROR] Re-run Maven using the -X switch to enable full debug logging.
[ERROR] 
[ERROR] For more information about the errors and possible solutions, please read the following articles:
[ERROR] [Help 1] http://cwiki.apache.org/confluence/display/MAVEN/MojoFailureException
